**********************
Windows PowerShell transcript start
Start time: 20260415102219
Username: DSGLOBAL\i729502
RunAs User: DSGLOBAL\i729502
Configuration Name: 
Machine: WXVDSKFPX23390 (Microsoft Windows NT 10.0.22631.0)
Host Application: C:\Windows\System32\WindowsPowerShell\v1.0\powershell.exe
Process ID: 4488
PSVersion: 5.1.22621.6345
PSEdition: Desktop
PSCompatibleVersions: 1.0, 2.0, 3.0, 4.0, 5.0, 5.1.22621.6345
BuildVersion: 10.0.22621.6345
CLRVersion: 4.0.30319.42000
WSManStackVersion: 3.0
PSRemotingProtocolVersion: 2.3
SerializationVersion: 1.1.0.1
**********************
Transcript started, output file is deepak.log
PS H:\> git --version
git : The term 'git' is not recognized as the name of a cmdlet, function, script file, or operable program. Check the 
spelling of the name, or if a path was included, verify that the path is correct and try again.
At line:1 char:1
+ git --version
+ ~~~
    + CategoryInfo          : ObjectNotFound: (git:String) [], CommandNotFoundException
    + FullyQualifiedErrorId : CommandNotFoundException
git : The term 'git' is not recognized as the name of a cmdlet, function, script file, or operable program. Check the
spelling of the name, or if a path was included, verify that the path is correct and try again.
At line:1 char:1
+ git --version
+ ~~~
    + CategoryInfo          : ObjectNotFound: (git:String) [], CommandNotFoundException
    + FullyQualifiedErrorId : CommandNotFoundException

PS H:\> New-Item -Path H:\Playwright_Automation_Starter -Name ‘QA-Training’ -ItemType Directory


    Directory: H:\Playwright_Automation_Starter


Mode                 LastWriteTime         Length Name
----                 -------------         ------ ----
d-----         4/15/2026  10:58 AM                QA-Training


PS H:\> Set-Location H:\Playwright_Automation_Starter \QA-Training
>> TerminatingError(Set-Location): "A positional parameter cannot be found that accepts argument '\QA-Training'."
Set-Location : A positional parameter cannot be found that accepts argument '\QA-Training'.
At line:1 char:1
+ Set-Location H:\Playwright_Automation_Starter \QA-Training
+ ~~~~~~~~~~~~~~~~~~~~~~~~~~~~~~~~~~~~~~~~~~~~~~~~~~~~~~~~~~
    + CategoryInfo          : InvalidArgument: (:) [Set-Location], ParameterBindingException
    + FullyQualifiedErrorId : PositionalParameterNotFound,Microsoft.PowerShell.Commands.SetLocationCommand
Set-Location : A positional parameter cannot be found that accepts argument '\QA-Training'.
At line:1 char:1
+ Set-Location H:\Playwright_Automation_Starter \QA-Training
+ ~~~~~~~~~~~~~~~~~~~~~~~~~~~~~~~~~~~~~~~~~~~~~~~~~~~~~~~~~~
    + CategoryInfo          : InvalidArgument: (:) [Set-Location], ParameterBindingException
    + FullyQualifiedErrorId : PositionalParameterNotFound,Microsoft.PowerShell.Commands.SetLocationCommand

PS H:\> New-Item -Path H:\Playwright_Automation_Starter -Name ‘QA-Training’ -ItemType Directory
New-Item : An item with the specified name H:\Playwright_Automation_Starter\QA-Training already exists.
At line:1 char:1
+ New-Item -Path H:\Playwright_Automation_Starter -Name ‘QA-Training’ - ...
+ ~~~~~~~~~~~~~~~~~~~~~~~~~~~~~~~~~~~~~~~~~~~~~~~~~~~~~~~~~~~~~~~~~~~~~
    + CategoryInfo          : ResourceExists: (H:\Playwright_A...ter\QA-Training:String) [New-Item], IOException
    + FullyQualifiedErrorId : DirectoryExist,Microsoft.PowerShell.Commands.NewItemCommand
New-Item : An item with the specified name H:\Playwright_Automation_Starter\QA-Training already exists.
At line:1 char:1
+ New-Item -Path H:\Playwright_Automation_Starter -Name ‘QA-Training’ - ...
+ ~~~~~~~~~~~~~~~~~~~~~~~~~~~~~~~~~~~~~~~~~~~~~~~~~~~~~~~~~~~~~~~~~~~~~
    + CategoryInfo          : ResourceExists: (H:\Playwright_A...ter\QA-Training:String) [New-Item], IOException
    + FullyQualifiedErrorId : DirectoryExist,Microsoft.PowerShell.Commands.NewItemCommand

PS H:\> Set-Location H:\Playwright_Automation_Starter \QA-Training
>> TerminatingError(Set-Location): "A positional parameter cannot be found that accepts argument '\QA-Training'."
Set-Location : A positional parameter cannot be found that accepts argument '\QA-Training'.
At line:1 char:1
+ Set-Location H:\Playwright_Automation_Starter \QA-Training
+ ~~~~~~~~~~~~~~~~~~~~~~~~~~~~~~~~~~~~~~~~~~~~~~~~~~~~~~~~~~
    + CategoryInfo          : InvalidArgument: (:) [Set-Location], ParameterBindingException
    + FullyQualifiedErrorId : PositionalParameterNotFound,Microsoft.PowerShell.Commands.SetLocationCommand
Set-Location : A positional parameter cannot be found that accepts argument '\QA-Training'.
At line:1 char:1
+ Set-Location H:\Playwright_Automation_Starter \QA-Training
+ ~~~~~~~~~~~~~~~~~~~~~~~~~~~~~~~~~~~~~~~~~~~~~~~~~~~~~~~~~~
    + CategoryInfo          : InvalidArgument: (:) [Set-Location], ParameterBindingException
    + FullyQualifiedErrorId : PositionalParameterNotFound,Microsoft.PowerShell.Commands.SetLocationCommand

PS H:\> Set-Location H:\Playwright_Automation_Starter\QA-Training
PS H:\Playwright_Automation_Starter\QA-Training> git --version
git : The term 'git' is not recognized as the name of a cmdlet, function, script file, or operable program. Check the 
spelling of the name, or if a path was included, verify that the path is correct and try again.
At line:1 char:1
+ git --version
+ ~~~
    + CategoryInfo          : ObjectNotFound: (git:String) [], CommandNotFoundException
    + FullyQualifiedErrorId : CommandNotFoundException
git : The term 'git' is not recognized as the name of a cmdlet, function, script file, or operable program. Check the
spelling of the name, or if a path was included, verify that the path is correct and try again.
At line:1 char:1
+ git --version
+ ~~~
    + CategoryInfo          : ObjectNotFound: (git:String) [], CommandNotFoundException
    + FullyQualifiedErrorId : CommandNotFoundException

PS H:\Playwright_Automation_Starter\QA-Training> git --version
git : The term 'git' is not recognized as the name of a cmdlet, function, script file, or operable program. Check the 
spelling of the name, or if a path was included, verify that the path is correct and try again.
At line:1 char:1
+ git --version
+ ~~~
    + CategoryInfo          : ObjectNotFound: (git:String) [], CommandNotFoundException
    + FullyQualifiedErrorId : CommandNotFoundException
git : The term 'git' is not recognized as the name of a cmdlet, function, script file, or operable program. Check the
spelling of the name, or if a path was included, verify that the path is correct and try again.
At line:1 char:1
+ git --version
+ ~~~
    + CategoryInfo          : ObjectNotFound: (git:String) [], CommandNotFoundException
    + FullyQualifiedErrorId : CommandNotFoundException

PS H:\Playwright_Automation_Starter\QA-Training> git --version
git : The term 'git' is not recognized as the name of a cmdlet, function, script file, or operable program. Check the 
spelling of the name, or if a path was included, verify that the path is correct and try again.
At line:1 char:1
+ git --version
+ ~~~
    + CategoryInfo          : ObjectNotFound: (git:String) [], CommandNotFoundException
    + FullyQualifiedErrorId : CommandNotFoundException
git : The term 'git' is not recognized as the name of a cmdlet, function, script file, or operable program. Check the
spelling of the name, or if a path was included, verify that the path is correct and try again.
At line:1 char:1
+ git --version
+ ~~~
    + CategoryInfo          : ObjectNotFound: (git:String) [], CommandNotFoundException
    + FullyQualifiedErrorId : CommandNotFoundException

PS H:\Playwright_Automation_Starter\QA-Training> Invoke-WebRequest -Uri https://github.com/git-for-windows/git/releases/download/v2.44.0.windows.1/Git-2.44.0-64-bit.exe -OutFile git-installer.exe 
PS H:\Playwright_Automation_Starter\QA-Training> .\git-installer.exe /VERYSILENT /NORESTART 
PS H:\Playwright_Automation_Starter\QA-Training> git –-version
git : The term 'git' is not recognized as the name of a cmdlet, function, script file, or operable program. Check the 
spelling of the name, or if a path was included, verify that the path is correct and try again.
At line:1 char:1
+ git –-version
+ ~~~
    + CategoryInfo          : ObjectNotFound: (git:String) [], CommandNotFoundException
    + FullyQualifiedErrorId : CommandNotFoundException
git : The term 'git' is not recognized as the name of a cmdlet, function, script file, or operable program. Check the
spelling of the name, or if a path was included, verify that the path is correct and try again.
At line:1 char:1
+ git –-version
+ ~~~
    + CategoryInfo          : ObjectNotFound: (git:String) [], CommandNotFoundException
    + FullyQualifiedErrorId : CommandNotFoundException

PS H:\Playwright_Automation_Starter\QA-Training> git –-version
git : The term 'git' is not recognized as the name of a cmdlet, function, script file, or operable program. Check the 
spelling of the name, or if a path was included, verify that the path is correct and try again.
At line:1 char:1
+ git –-version
+ ~~~
    + CategoryInfo          : ObjectNotFound: (git:String) [], CommandNotFoundException
    + FullyQualifiedErrorId : CommandNotFoundException
git : The term 'git' is not recognized as the name of a cmdlet, function, script file, or operable program. Check the
spelling of the name, or if a path was included, verify that the path is correct and try again.
At line:1 char:1
+ git –-version
+ ~~~
    + CategoryInfo          : ObjectNotFound: (git:String) [], CommandNotFoundException
    + FullyQualifiedErrorId : CommandNotFoundException

PS H:\Playwright_Automation_Starter\QA-Training> git –-version
git : The term 'git' is not recognized as the name of a cmdlet, function, script file, or operable program. Check the 
spelling of the name, or if a path was included, verify that the path is correct and try again.
At line:1 char:1
+ git –-version
+ ~~~
    + CategoryInfo          : ObjectNotFound: (git:String) [], CommandNotFoundException
    + FullyQualifiedErrorId : CommandNotFoundException
git : The term 'git' is not recognized as the name of a cmdlet, function, script file, or operable program. Check the
spelling of the name, or if a path was included, verify that the path is correct and try again.
At line:1 char:1
+ git –-version
+ ~~~
    + CategoryInfo          : ObjectNotFound: (git:String) [], CommandNotFoundException
    + FullyQualifiedErrorId : CommandNotFoundException

PS H:\Playwright_Automation_Starter\QA-Training> git –-version
git : The term 'git' is not recognized as the name of a cmdlet, function, script file, or operable program. Check the 
spelling of the name, or if a path was included, verify that the path is correct and try again.
At line:1 char:1
+ git –-version
+ ~~~
    + CategoryInfo          : ObjectNotFound: (git:String) [], CommandNotFoundException
    + FullyQualifiedErrorId : CommandNotFoundException
git : The term 'git' is not recognized as the name of a cmdlet, function, script file, or operable program. Check the
spelling of the name, or if a path was included, verify that the path is correct and try again.
At line:1 char:1
+ git –-version
+ ~~~
    + CategoryInfo          : ObjectNotFound: (git:String) [], CommandNotFoundException
    + FullyQualifiedErrorId : CommandNotFoundException

PS H:\Playwright_Automation_Starter\QA-Training> stop-Transcript
**********************
Windows PowerShell transcript end
End time: 20260415111633
**********************
**********************
Windows PowerShell transcript start
Start time: 20260415111815
Username: DSGLOBAL\i729502
RunAs User: DSGLOBAL\i729502
Configuration Name: 
Machine: WXVDSKFPX23390 (Microsoft Windows NT 10.0.22631.0)
Host Application: C:\Windows\System32\WindowsPowerShell\v1.0\powershell.exe
Process ID: 18788
PSVersion: 5.1.22621.6345
PSEdition: Desktop
PSCompatibleVersions: 1.0, 2.0, 3.0, 4.0, 5.0, 5.1.22621.6345
BuildVersion: 10.0.22621.6345
CLRVersion: 4.0.30319.42000
WSManStackVersion: 3.0
PSRemotingProtocolVersion: 2.3
SerializationVersion: 1.1.0.1
**********************
Transcript started, output file is H:\deepak.log
PS H:\> TerminatingError(TabExpansion2): "Cannot bind argument to parameter 'inputScript' because it is an empty string."
PS H:\> Set-Location H:\Playwright_Automation_Starter\QA-Training
PS H:\Playwright_Automation_Starter\QA-Training> git clone
fatal: You must specify a repository to clone.

usage: git clone [<options>] [--] <repo> [<dir>]

    -v, --[no-]verbose    be more verbose
    -q, --[no-]quiet      be more quiet
    --[no-]progress       force progress reporting
    --[no-]reject-shallow don't clone shallow repository
    -n, --no-checkout     don't create a checkout
    --checkout            opposite of --no-checkout
    --[no-]bare           create a bare repository
    --[no-]mirror         create a mirror repository (implies bare)
    -l, --[no-]local      to clone from a local repository
    --no-hardlinks        don't use local hardlinks, always copy
    --hardlinks           opposite of --no-hardlinks
    -s, --[no-]shared     setup as shared repository
    --[no-]recurse-submodules[=<pathspec>]
                          initialize submodules in the clone
    --[no-]recursive ...  alias of --recurse-submodules
    -j, --[no-]jobs <n>   number of submodules cloned in parallel
    --[no-]template <template-directory>
                          directory from which templates will be used
    --[no-]reference <repo>
                          reference repository
    --[no-]reference-if-able <repo>
                          reference repository
    --[no-]dissociate     use --reference only while cloning
    -o, --[no-]origin <name>
                          use <name> instead of 'origin' to track upstream
    -b, --[no-]branch <branch>
                          checkout <branch> instead of the remote's HEAD
    -u, --[no-]upload-pack <path>
                          path to git-upload-pack on the remote
    --[no-]depth <depth>  create a shallow clone of that depth
    --[no-]shallow-since <time>
                          create a shallow clone since a specific time
    --[no-]shallow-exclude <revision>
                          deepen history of shallow clone, excluding rev
    --[no-]single-branch  clone only one branch, HEAD or --branch
    --no-tags             don't clone any tags, and make later fetches not to follow them
    --tags                opposite of --no-tags
    --[no-]shallow-submodules
                          any cloned submodules will be shallow
    --[no-]separate-git-dir <gitdir>
                          separate git dir from working tree
    --[no-]ref-format <format>
                          specify the reference format to use
    -c, --[no-]config <key=value>
                          set config inside the new repository
    --[no-]server-option <server-specific>
                          option to transmit
    -4, --ipv4            use IPv4 addresses only
    -6, --ipv6            use IPv6 addresses only
    --[no-]filter <args>  object filtering
    --[no-]also-filter-submodules
                          apply partial clone filters to submodules
    --[no-]remote-submodules
                          any cloned submodules will use their remote-tracking branch
    --[no-]sparse         initialize sparse-checkout file to include only files at root
    --[no-]bundle-uri <uri>
                          a URI for downloading bundles before fetching from origin remote
PS H:\Playwright_Automation_Starter\QA-Training> git clone  https://github.com/sureshnanjan/voya_automation.git
Cloning into 'voya_automation'...
remote: Enumerating objects: 7, done.
remote: Counting objects: 100% (7/7), done.
remote: Compressing objects: 100% (7/7), done.
remote: Total 7 (delta 1), reused 3 (delta 0), pack-reused 0 (from 0)
Receiving objects: 100% (7/7), 5.89 KiB | 29.00 KiB/s, done.
Resolving deltas: 100% (1/1), done.
Updating files: 100% (2/2), done.
PS H:\Playwright_Automation_Starter\QA-Training> Set-Location voya_automation
PS H:\Playwright_Automation_Starter\QA-Training\voya_automation> git status
On branch main
Your branch is up to date with 'origin/main'.

nothing to commit, working tree clean
PS H:\Playwright_Automation_Starter\QA-Training\voya_automation> git checkout -b deepak -branch
Switched to a new branch 'ranch'
PS H:\Playwright_Automation_Starter\QA-Training\voya_automation> TerminatingError(TabExpansion2): "Cannot bind argument to parameter 'inputScript' because it is an empty string."
PS H:\Playwright_Automation_Starter\QA-Training\voya_automation> git checkout -b deepak -branch
fatal: a branch named 'ranch' already exists
PS H:\Playwright_Automation_Starter\QA-Training\voya_automation> git status
On branch ranch
nothing to commit, working tree clean
PS H:\Playwright_Automation_Starter\QA-Training\voya_automation> Stop-Transcript
**********************
Windows PowerShell transcript end
End time: 20260415114019
**********************
