**********************
Windows PowerShell transcript start
Start time: 20260415110739
Username: DSGLOBAL\i728949
RunAs User: DSGLOBAL\i728949
Configuration Name: 
Machine: WXVDSKFPX23385 (Microsoft Windows NT 10.0.22631.0)
Host Application: C:\Windows\System32\WindowsPowerShell\v1.0\powershell.exe
Process ID: 24628
PSVersion: 5.1.22621.6345
PSEdition: Desktop
PSCompatibleVersions: 1.0, 2.0, 3.0, 4.0, 5.0, 5.1.22621.6345
BuildVersion: 10.0.22621.6345
CLRVersion: 4.0.30319.42000
WSManStackVersion: 3.0
PSRemotingProtocolVersion: 2.3
SerializationVersion: 1.1.0.1
**********************
Transcript started, output file is divya.log
PS C:\Users\i728949> Set-Location "C:\Users\i728949\QA-Training"
Set-Location : Cannot find path 'C:\Users\i728949\QA-Training' because it does not exist.
At line:1 char:1
+ Set-Location "C:\Users\i728949\QA-Training"
+ ~~~~~~~~~~~~~~~~~~~~~~~~~~~~~~~~~~~~~~~~~~~
    + CategoryInfo          : ObjectNotFound: (C:\Users\i728949\QA-Training:String) [Set-Location], 
ItemNotFoundException
    + FullyQualifiedErrorId : PathNotFound,Microsoft.PowerShell.Commands.SetLocationCommand
Set-Location : Cannot find path 'C:\Users\i728949\QA-Training' because it does not exist.
At line:1 char:1
+ Set-Location "C:\Users\i728949\QA-Training"
+ ~~~~~~~~~~~~~~~~~~~~~~~~~~~~~~~~~~~~~~~~~~~
    + CategoryInfo          : ObjectNotFound: (C:\Users\i728949\QA-Training:String) [Set-Location], ItemNotFoundExcept
   ion
    + FullyQualifiedErrorId : PathNotFound,Microsoft.PowerShell.Commands.SetLocationCommand

PS C:\Users\i728949> New-Item -Path "C:\Users\i728949" -Name "QA-Training" -ItemType Directory


    Directory: C:\Users\i728949


Mode                 LastWriteTime         Length Name
----                 -------------         ------ ----
d-----         4/15/2026  11:16 AM                QA-Training


PS C:\Users\i728949> Set-Location "C:\Users\i728949\QA-Training"
PS C:\Users\i728949\QA-Training> git--version
git--version : The term 'git--version' is not recognized as the name of a cmdlet, function, script file, or operable 
program. Check the spelling of the name, or if a path was included, verify that the path is correct and try again.
At line:1 char:1
+ git--version
+ ~~~~~~~~~~~~
    + CategoryInfo          : ObjectNotFound: (git--version:String) [], CommandNotFoundException
    + FullyQualifiedErrorId : CommandNotFoundException
git--version : The term 'git--version' is not recognized as the name of a cmdlet, function, script file, or operable
program. Check the spelling of the name, or if a path was included, verify that the path is correct and try again.
At line:1 char:1
+ git--version
+ ~~~~~~~~~~~~
    + CategoryInfo          : ObjectNotFound: (git--version:String) [], CommandNotFoundException
    + FullyQualifiedErrorId : CommandNotFoundException

PS C:\Users\i728949\QA-Training> git --version
git : The term 'git' is not recognized as the name of a cmdlet, function, script file, or operable program. Check the 
spelling of the name, or if a path was included, verify that the path is correct and try again.
At line:1 char:1
+ git --version
+ ~~~
    + CategoryInfo          : ObjectNotFound: (git:String) [], CommandNotFoundException
    + FullyQualifiedErrorId : CommandNotFoundException
git : The term 'git' is not recognized as the name of a cmdlet, function, script file, or operable program. Check the
spelling of the name, or if a path was included, verify that the path is correct and try again.
At line:1 char:1
+ git --version
+ ~~~
    + CategoryInfo          : ObjectNotFound: (git:String) [], CommandNotFoundException
    + FullyQualifiedErrorId : CommandNotFoundException

PS C:\Users\i728949\QA-Training> Invoke-WebRequest -Uri https://github.com/git-for-windows/git/releases/download/v2.44.0.windows.1/Git-2.44.0-64-bit.exe -OutFile git-installer.exe 
PS C:\Users\i728949\QA-Training> .\git-installer.exe /VERYSILENT /NORESTART
PS C:\Users\i728949\QA-Training> git –-version 
git : The term 'git' is not recognized as the name of a cmdlet, function, script file, or operable program. Check the 
spelling of the name, or if a path was included, verify that the path is correct and try again.
At line:1 char:1
+ git –-version
+ ~~~
    + CategoryInfo          : ObjectNotFound: (git:String) [], CommandNotFoundException
    + FullyQualifiedErrorId : CommandNotFoundException
git : The term 'git' is not recognized as the name of a cmdlet, function, script file, or operable program. Check the spelling of the
name, or if a path was included, verify that the path is correct and try again.
At line:1 char:1
+ git –-version
+ ~~~
    + CategoryInfo          : ObjectNotFound: (git:String) [], CommandNotFoundException
    + FullyQualifiedErrorId : CommandNotFoundException

