**********************
Windows PowerShell transcript start
Start time: 20260415105714
Username: DSGLOBAL\i729050
RunAs User: DSGLOBAL\i729050
Configuration Name: 
Machine: WXVDSKFPX23414 (Microsoft Windows NT 10.0.22631.0)
Host Application: C:\Windows\System32\WindowsPowerShell\v1.0\powershell.exe
Process ID: 11620
PSVersion: 5.1.22621.6345
PSEdition: Desktop
PSCompatibleVersions: 1.0, 2.0, 3.0, 4.0, 5.0, 5.1.22621.6345
BuildVersion: 10.0.22621.6345
CLRVersion: 4.0.30319.42000
WSManStackVersion: 3.0
PSRemotingProtocolVersion: 2.3
SerializationVersion: 1.1.0.1
**********************
Transcript started, output file is Kalyani.log
PS H:\> New-Item -Path C:\Users\i729050\Playwright_Learning_GitRep -Name 'QA-Training' -ItemType Directory


    Directory: C:\Users\i729050\Playwright_Learning_GitRep


Mode                 LastWriteTime         Length Name
----                 -------------         ------ ----
d-----         4/15/2026  11:00 AM                QA-Training


PS H:\> Set-Location C:\Users\i729050\Playwright_Learning_GitRep\QA-Training
PS C:\Users\i729050\Playwright_Learning_GitRep\QA-Training> git --version
git : The term 'git' is not recognized as the name of a cmdlet, function, script file, or operable program. Check the 
spelling of the name, or if a path was included, verify that the path is correct and try again.
At line:1 char:1
+ git --version
+ ~~~
    + CategoryInfo          : ObjectNotFound: (git:String) [], CommandNotFoundException
    + FullyQualifiedErrorId : CommandNotFoundException
git : The term 'git' is not recognized as the name of a cmdlet, function, script file, or operable program. Check the
spelling of the name, or if a path was included, verify that the path is correct and try again.
At line:1 char:1
+ git --version
+ ~~~
    + CategoryInfo          : ObjectNotFound: (git:String) [], CommandNotFoundException
    + FullyQualifiedErrorId : CommandNotFoundException

PS C:\Users\i729050\Playwright_Learning_GitRep\QA-Training> Invoke-WebRequest -Uri https://github.com/git-for-windows/git/releases/download/v2.44.0.windows.1/Git-2.44.0-64-bit.exe -OutFile git-installer.exe 
PS C:\Users\i729050\Playwright_Learning_GitRep\QA-Training>  .\git-installer.exe /VERYSILENT /
PS C:\Users\i729050\Playwright_Learning_GitRep\QA-Training> git --version
git : The term 'git' is not recognized as the name of a cmdlet, function, script file, or operable program. Check the 
spelling of the name, or if a path was included, verify that the path is correct and try again.
At line:1 char:1
+ git --version
+ ~~~
    + CategoryInfo          : ObjectNotFound: (git:String) [], CommandNotFoundException
    + FullyQualifiedErrorId : CommandNotFoundException
git : The term 'git' is not recognized as the name of a cmdlet, function, script file, or operable program. Check the
spelling of the name, or if a path was included, verify that the path is correct and try again.
At line:1 char:1
+ git --version
+ ~~~
    + CategoryInfo          : ObjectNotFound: (git:String) [], CommandNotFoundException
    + FullyQualifiedErrorId : CommandNotFoundException

PS C:\Users\i729050\Playwright_Learning_GitRep\QA-Training> git --version
git : The term 'git' is not recognized as the name of a cmdlet, function, script file, or operable program. Check the 
spelling of the name, or if a path was included, verify that the path is correct and try again.
At line:1 char:1
+ git --version
+ ~~~
    + CategoryInfo          : ObjectNotFound: (git:String) [], CommandNotFoundException
    + FullyQualifiedErrorId : CommandNotFoundException
git : The term 'git' is not recognized as the name of a cmdlet, function, script file, or operable program. Check the
spelling of the name, or if a path was included, verify that the path is correct and try again.
At line:1 char:1
+ git --version
+ ~~~
    + CategoryInfo          : ObjectNotFound: (git:String) [], CommandNotFoundException
    + FullyQualifiedErrorId : CommandNotFoundException

PS C:\Users\i729050\Playwright_Learning_GitRep\QA-Training> Stop-Transcript
**********************
Windows PowerShell transcript end
End time: 20260415111956
**********************
**********************
Windows PowerShell transcript start
Start time: 20260415112059
Username: DSGLOBAL\i729050
RunAs User: DSGLOBAL\i729050
Configuration Name: 
Machine: WXVDSKFPX23414 (Microsoft Windows NT 10.0.22631.0)
Host Application: C:\Windows\System32\WindowsPowerShell\v1.0\powershell.exe
Process ID: 26120
PSVersion: 5.1.22621.6345
PSEdition: Desktop
PSCompatibleVersions: 1.0, 2.0, 3.0, 4.0, 5.0, 5.1.22621.6345
BuildVersion: 10.0.22621.6345
CLRVersion: 4.0.30319.42000
WSManStackVersion: 3.0
PSRemotingProtocolVersion: 2.3
SerializationVersion: 1.1.0.1
**********************
Transcript started, output file is H:\Kalyani.log
PS H:\> Set-Location C:\Users\i729050\Playwright_Learning_GitRep\QA-Training
PS C:\Users\i729050\Playwright_Learning_GitRep\QA-Training> git clone
fatal: You must specify a repository to clone.

usage: git clone [<options>] [--] <repo> [<dir>]

    -v, --[no-]verbose    be more verbose
    -q, --[no-]quiet      be more quiet
    --[no-]progress       force progress reporting
    --[no-]reject-shallow don't clone shallow repository
    -n, --no-checkout     don't create a checkout
    --checkout            opposite of --no-checkout
    --[no-]bare           create a bare repository
    --[no-]mirror         create a mirror repository (implies bare)
    -l, --[no-]local      to clone from a local repository
    --no-hardlinks        don't use local hardlinks, always copy
    --hardlinks           opposite of --no-hardlinks
    -s, --[no-]shared     setup as shared repository
    --[no-]recurse-submodules[=<pathspec>]
                          initialize submodules in the clone
    --[no-]recursive ...  alias of --recurse-submodules
    -j, --[no-]jobs <n>   number of submodules cloned in parallel
    --[no-]template <template-directory>
                          directory from which templates will be used
    --[no-]reference <repo>
                          reference repository
    --[no-]reference-if-able <repo>
                          reference repository
    --[no-]dissociate     use --reference only while cloning
    -o, --[no-]origin <name>
                          use <name> instead of 'origin' to track upstream
    -b, --[no-]branch <branch>
                          checkout <branch> instead of the remote's HEAD
    -u, --[no-]upload-pack <path>
                          path to git-upload-pack on the remote
    --[no-]depth <depth>  create a shallow clone of that depth
    --[no-]shallow-since <time>
                          create a shallow clone since a specific time
    --[no-]shallow-exclude <revision>
                          deepen history of shallow clone, excluding rev
    --[no-]single-branch  clone only one branch, HEAD or --branch
    --no-tags             don't clone any tags, and make later fetches not to follow them
    --tags                opposite of --no-tags
    --[no-]shallow-submodules
                          any cloned submodules will be shallow
    --[no-]separate-git-dir <gitdir>
                          separate git dir from working tree
    --[no-]ref-format <format>
                          specify the reference format to use
    -c, --[no-]config <key=value>
                          set config inside the new repository
    --[no-]server-option <server-specific>
                          option to transmit
    -4, --ipv4            use IPv4 addresses only
    -6, --ipv6            use IPv6 addresses only
    --[no-]filter <args>  object filtering
    --[no-]also-filter-submodules
                          apply partial clone filters to submodules
    --[no-]remote-submodules
                          any cloned submodules will use their remote-tracking branch
    --[no-]sparse         initialize sparse-checkout file to include only files at root
    --[no-]bundle-uri <uri>
                          a URI for downloading bundles before fetching from origin remote
PS C:\Users\i729050\Playwright_Learning_GitRep\QA-Training> Set-Location voya_automation
Set-Location : Cannot find path 'C:\Users\i729050\Playwright_Learning_GitRep\QA-Training\voya_automation' because it 
does not exist.
At line:1 char:1
+ Set-Location voya_automation
+ ~~~~~~~~~~~~~~~~~~~~~~~~~~~~
    + CategoryInfo          : ObjectNotFound: (C:\Users\i72905...voya_automation:String) [Set-Location], 
ItemNotFoundException
    + FullyQualifiedErrorId : PathNotFound,Microsoft.PowerShell.Commands.SetLocationCommand
Set-Location : Cannot find path 'C:\Users\i729050\Playwright_Learning_GitRep\QA-Training\voya_automation' because it
does not exist.
At line:1 char:1
+ Set-Location voya_automation
+ ~~~~~~~~~~~~~~~~~~~~~~~~~~~~
    + CategoryInfo          : ObjectNotFound: (C:\Users\i72905...voya_automation:String) [Set-Location], ItemNotFoundE
   xception
    + FullyQualifiedErrorId : PathNotFound,Microsoft.PowerShell.Commands.SetLocationCommand

PS C:\Users\i729050\Playwright_Learning_GitRep\QA-Training> https://github.com/sureshnanjan/voya_automation.git
https://github.com/sureshnanjan/voya_automation.git : The term 'https://github.com/sureshnanjan/voya_automation.git' is 
not recognized as the name of a cmdlet, function, script file, or operable program. Check the spelling of the name, or 
if a path was included, verify that the path is correct and try again.
At line:1 char:1
+ https://github.com/sureshnanjan/voya_automation.git
+ ~~~~~~~~~~~~~~~~~~~~~~~~~~~~~~~~~~~~~~~~~~~~~~~~~~~
    + CategoryInfo          : ObjectNotFound: (https://github...._automation.git:String) [], CommandNotFoundException
    + FullyQualifiedErrorId : CommandNotFoundException
https://github.com/sureshnanjan/voya_automation.git : The term 'https://github.com/sureshnanjan/voya_automation.git'
is not recognized as the name of a cmdlet, function, script file, or operable program. Check the spelling of the name,
or if a path was included, verify that the path is correct and try again.
At line:1 char:1
+ https://github.com/sureshnanjan/voya_automation.git
+ ~~~~~~~~~~~~~~~~~~~~~~~~~~~~~~~~~~~~~~~~~~~~~~~~~~~
    + CategoryInfo          : ObjectNotFound: (https://github...._automation.git:String) [], CommandNotFoundException
    + FullyQualifiedErrorId : CommandNotFoundException

PS C:\Users\i729050\Playwright_Learning_GitRep\QA-Training> git clone https://github.com/sureshnanjan/voya_automation.git
Cloning into 'voya_automation'...
remote: Enumerating objects: 7, done.
remote: Counting objects: 100% (7/7), done.
remote: Compressing objects: 100% (7/7), done.
remote: Total 7 (delta 1), reused 3 (delta 0), pack-reused 0 (from 0)
Receiving objects: 100% (7/7), 5.89 KiB | 128.00 KiB/s, done.
Resolving deltas: 100% (1/1), done.
PS C:\Users\i729050\Playwright_Learning_GitRep\QA-Training> Set-Location voya_automation
PS C:\Users\i729050\Playwright_Learning_GitRep\QA-Training\voya_automation> git status
On branch main
Your branch is up to date with 'origin/main'.

nothing to commit, working tree clean
PS C:\Users\i729050\Playwright_Learning_GitRep\QA-Training\voya_automation> git -Checkout -b Kalyani-branch
unknown option: -Checkout
usage: git [-v | --version] [-h | --help] [-C <path>] [-c <name>=<value>]
           [--exec-path[=<path>]] [--html-path] [--man-path] [--info-path]
           [-p | --paginate | -P | --no-pager] [--no-replace-objects] [--bare]
           [--git-dir=<path>] [--work-tree=<path>] [--namespace=<name>]
           [--config-env=<name>=<envvar>] <command> [<args>]
PS C:\Users\i729050\Playwright_Learning_GitRep\QA-Training\voya_automation> git -checkout -b Kalyani-branch
unknown option: -checkout
usage: git [-v | --version] [-h | --help] [-C <path>] [-c <name>=<value>]
           [--exec-path[=<path>]] [--html-path] [--man-path] [--info-path]
           [-p | --paginate | -P | --no-pager] [--no-replace-objects] [--bare]
           [--git-dir=<path>] [--work-tree=<path>] [--namespace=<name>]
           [--config-env=<name>=<envvar>] <command> [<args>]
PS C:\Users\i729050\Playwright_Learning_GitRep\QA-Training\voya_automation> git checkout -b Kalyani-branch  
Switched to a new branch 'Kalyani-branch'
PS C:\Users\i729050\Playwright_Learning_GitRep\QA-Training\voya_automation> git status
On branch Kalyani-branch
nothing to commit, working tree clean
PS C:\Users\i729050\Playwright_Learning_GitRep\QA-Training\voya_automation> Stop-Transcript
**********************
Windows PowerShell transcript end
End time: 20260415113806
**********************
