**********************
Windows PowerShell transcript start
Start time: 20260415132705
Username: DSGLOBAL\i723260
RunAs User: DSGLOBAL\i723260
Configuration Name: 
Machine: WXVDSKFPX23066 (Microsoft Windows NT 10.0.22631.0)
Host Application: C:\Windows\System32\WindowsPowerShell\v1.0\powershell.exe
Process ID: 24248
PSVersion: 5.1.22621.6345
PSEdition: Desktop
PSCompatibleVersions: 1.0, 2.0, 3.0, 4.0, 5.0, 5.1.22621.6345
BuildVersion: 10.0.22621.6345
CLRVersion: 4.0.30319.42000
WSManStackVersion: 3.0
PSRemotingProtocolVersion: 2.3
SerializationVersion: 1.1.0.1
**********************
Transcript started, output file is vidya.log
PS C:\Users\i723260\PlaywrightTraining> New-Item -Path C:\Users\i723260\PlaywrightTraining -Name QA-Training -ItemType Directory


    Directory: C:\Users\i723260\PlaywrightTraining


Mode                 LastWriteTime         Length Name
----                 -------------         ------ ----
d-----         4/15/2026   1:28 PM                QA-Training


PS C:\Users\i723260\PlaywrightTraining> Set-Location C:\Users\i723260\PlaywrightTraining\QA-Training
PS C:\Users\i723260\PlaywrightTraining\QA-Training> git --version
git version 2.53.0.windows.3
PS C:\Users\i723260\PlaywrightTraining\QA-Training> git clone
fatal: You must specify a repository to clone.

usage: git clone [<options>] [--] <repo> [<dir>]

    -v, --[no-]verbose    be more verbose
    -q, --[no-]quiet      be more quiet
    --[no-]progress       force progress reporting
    --[no-]reject-shallow don't clone shallow repository
    -n, --no-checkout     don't create a checkout
    --checkout            opposite of --no-checkout
    --[no-]bare           create a bare repository
    --[no-]mirror         create a mirror repository (implies --bare)
    -l, --[no-]local      to clone from a local repository
    --no-hardlinks        don't use local hardlinks, always copy
    --hardlinks           opposite of --no-hardlinks
    -s, --[no-]shared     setup as shared repository
    --[no-]recurse-submodules[=<pathspec>]
                          initialize submodules in the clone
    --[no-]recursive ...  alias of --recurse-submodules
    -j, --[no-]jobs <n>   number of submodules cloned in parallel
    --[no-]template <template-directory>
                          directory from which templates will be used
    --[no-]reference <repo>
                          reference repository
    --[no-]reference-if-able <repo>
                          reference repository
    --[no-]dissociate     use --reference only while cloning
    -o, --[no-]origin <name>
                          use <name> instead of 'origin' to track upstream
    -b, --[no-]branch <branch>
                          checkout <branch> instead of the remote's HEAD
    --[no-]revision <rev> clone single revision <rev> and check out
    -u, --[no-]upload-pack <path>
                          path to git-upload-pack on the remote
    --[no-]depth <depth>  create a shallow clone of that depth
    --[no-]shallow-since <time>
                          create a shallow clone since a specific time
    --[no-]shallow-exclude <ref>
                          deepen history of shallow clone, excluding ref
    --[no-]single-branch  clone only one branch, HEAD or --branch
    --[no-]tags           clone tags, and make later fetches not to follow them
    --[no-]shallow-submodules
                          any cloned submodules will be shallow
    --[no-]separate-git-dir <gitdir>
                          separate git dir from working tree
    --[no-]ref-format <format>
                          specify the reference format to use
    -c, --[no-]config <key=value>
                          set config inside the new repository
    --[no-]server-option <server-specific>
                          option to transmit
    -4, --ipv4            use IPv4 addresses only
    -6, --ipv6            use IPv6 addresses only
    --[no-]filter <args>  object filtering
    --[no-]also-filter-submodules
                          apply partial clone filters to submodules
    --[no-]remote-submodules
                          any cloned submodules will use their remote-tracking branch
    --[no-]sparse         initialize sparse-checkout file to include only files at root
    --[no-]bundle-uri <uri>
                          a URI for downloading bundles before fetching from origin remote
PS C:\Users\i723260\PlaywrightTraining\QA-Training> git clone https://github.com/sureshnanjan/voya_automation.git
Cloning into 'voya_automation'...
remote: Enumerating objects: 8, done.
remote: Counting objects: 100% (8/8), done.
remote: Compressing objects: 100% (8/8), done.
remote: Total 8 (delta 1), reused 3 (delta 0), pack-reused 0 (from 0)
Receiving objects: 100% (8/8), 6.77 KiB | 66.00 KiB/s, done.
Resolving deltas: 100% (1/1), done.
PS C:\Users\i723260\PlaywrightTraining\QA-Training> Set-Location voya_automation
PS C:\Users\i723260\PlaywrightTraining\QA-Training\voya_automation> git status
On branch main
Your branch is up to date with 'origin/main'.

nothing to commit, working tree clean
PS C:\Users\i723260\PlaywrightTraining\QA-Training\voya_automation> git checkout -b vidya-branch
Switched to a new branch 'vidya-branch'
PS C:\Users\i723260\PlaywrightTraining\QA-Training\voya_automation> Stop-Transcript
**********************
Windows PowerShell transcript end
End time: 20260415133132
**********************
